{
  "stats": {
    "suites": 1,
    "tests": 1,
    "passes": 1,
    "pending": 0,
    "failures": 0,
    "start": "2021-07-31T04:56:21.125Z",
    "end": "2021-07-31T04:56:36.464Z",
    "duration": 15339,
    "testsRegistered": 1,
    "passPercent": 100,
    "pendingPercent": 0,
    "other": 0,
    "hasOther": false,
    "skipped": 0,
    "hasSkipped": false
  },
  "results": [
    {
      "uuid": "602e8a7e-c970-4a78-abcd-e25d5328434c",
      "title": "",
      "fullFile": "cypress/integration/features/UI/facebookSignup.feature",
      "file": "cypress/integration/features/UI/facebookSignup.feature",
      "beforeHooks": [],
      "afterHooks": [],
      "tests": [],
      "suites": [
        {
          "uuid": "2f3cefc0-35e7-4300-a4f1-f4eae9d6eda2",
          "title": "Login Tests",
          "fullFile": "",
          "file": "",
          "beforeHooks": [],
          "afterHooks": [],
          "tests": [
            {
              "title": "Login with valid credentials (example #1)",
              "fullTitle": "Login Tests Login with valid credentials (example #1)",
              "timedOut": null,
              "duration": 8975,
              "state": "passed",
              "speed": "slow",
              "pass": true,
              "fail": false,
              "pending": false,
              "context": null,
              "code": "const state = window.testState;\nreturn cy\n  .then(() => state.onStartScenario(scenario, indexedSteps))\n  .then(() =>\n    resolveAndRunBeforeHooks.call(this, scenario.tags, state.feature.name)\n  )\n  .then(() =>\n    indexedSteps.forEach((step) =>\n      stepTest.call(this, state, step, rowData)\n    )\n  )\n  .then(() => state.onFinishScenario(scenario));",
              "err": {},
              "uuid": "897dd697-8301-4397-982c-e95b6a183189",
              "parentUUID": "2f3cefc0-35e7-4300-a4f1-f4eae9d6eda2",
              "isHook": false,
              "skipped": false
            }
          ],
          "suites": [],
          "passes": [
            "897dd697-8301-4397-982c-e95b6a183189"
          ],
          "failures": [],
          "pending": [],
          "skipped": [],
          "duration": 8975,
          "root": false,
          "rootEmpty": false,
          "_timeout": 2000
        }
      ],
      "passes": [],
      "failures": [],
      "pending": [],
      "skipped": [],
      "duration": 0,
      "root": true,
      "rootEmpty": true,
      "_timeout": 2000
    }
  ],
  "meta": {
    "mocha": {
      "version": "7.0.1"
    },
    "mochawesome": {
      "options": {
        "quiet": false,
        "reportFilename": "mochawesome",
        "saveHtml": true,
        "saveJson": true,
        "consoleReporter": "spec",
        "useInlineDiffs": false,
        "code": true
      },
      "version": "6.2.2"
    },
    "marge": {
      "options": {
        "reportDir": "reports/Test Run - 31-07-2021--10_24_22/mochawesome-report",
        "overwrite": false,
        "html": true,
        "json": true
      },
      "version": "5.2.0"
    }
  }
}